# JRE version: Java(TM) SE Runtime Environment (8.0_101-b13) (build 1.8.0_101-b13)
# Java VM: Java HotSpot(TM) 64-Bit Server VM (25.101-b13 mixed mode windows-amd64 compressed oops)
Heap:
 PSYoungGen      total 249344K, used 160506K [0x00000000eab00000, 0x0000000100000000, 0x0000000100000000)
  eden space 144896K, 100% used [0x00000000eab00000,0x00000000f3880000,0x00000000f3880000)
  from space 104448K, 14% used [0x00000000f9a00000,0x00000000fa93e9d8,0x0000000100000000)
  to   space 99840K, 1% used [0x00000000f3880000,0x00000000f39ac6e8,0x00000000f9a00000)
 ParOldGen       total 544256K, used 325560K [0x00000000c0000000, 0x00000000e1380000, 0x00000000eab00000)
  object space 544256K, 59% used [0x00000000c0000000,0x00000000d3dee258,0x00000000e1380000)
 Metaspace       used 6723K, capacity 7320K, committed 7680K, reserved 1056768K
  class space    used 633K, capacity 656K, committed 768K, reserved 1048576K
GC Heap History (10 events):
Event: 11.745 GC heap before
{Heap before GC invocations=14 (full 1):
 PSYoungGen      total 248320K, used 195270K [0x00000000eab00000, 0x0000000100000000, 0x0000000100000000)
  eden space 151552K, 100% used [0x00000000eab00000,0x00000000f3f00000,0x00000000f3f00000)
  from space 96768K, 45% used [0x00000000f9900000,0x00000000fc3b1b50,0x00000000ff780000)
  to   space 92160K, 0% used [0x00000000f3f00000,0x00000000f3f00000,0x00000000f9900000)
 ParOldGen       total 325632K, used 207869K [0x00000000c0000000, 0x00000000d3e00000, 0x00000000eab00000)
  object space 325632K, 63% used [0x00000000c0000000,0x00000000ccaff6d8,0x00000000d3e00000)
 Metaspace       used 6708K, capacity 7320K, committed 7680K, reserved 1056768K
  class space    used 632K, capacity 656K, committed 768K, reserved 1048576K
Event: 11.894 GC heap after
Heap after GC invocations=14 (full 1):
 PSYoungGen      total 243712K, used 68180K [0x00000000eab00000, 0x0000000100000000, 0x0000000100000000)
  eden space 151552K, 0% used [0x00000000eab00000,0x00000000eab00000,0x00000000f3f00000)
  from space 92160K, 73% used [0x00000000f3f00000,0x00000000f8195130,0x00000000f9900000)
  to   space 96768K, 0% used [0x00000000fa180000,0x00000000fa180000,0x0000000100000000)
 ParOldGen       total 325632K, used 207869K [0x00000000c0000000, 0x00000000d3e00000, 0x00000000eab00000)
  object space 325632K, 63% used [0x00000000c0000000,0x00000000ccaff6d8,0x00000000d3e00000)
 Metaspace       used 6708K, capacity 7320K, committed 7680K, reserved 1056768K
  class space    used 632K, capacity 656K, committed 768K, reserved 1048576K
}
Event: 12.328 GC heap before
{Heap before GC invocations=15 (full 1):
 PSYoungGen      total 243712K, used 219732K [0x00000000eab00000, 0x0000000100000000, 0x0000000100000000)
  eden space 151552K, 100% used [0x00000000eab00000,0x00000000f3f00000,0x00000000f3f00000)
  from space 92160K, 73% used [0x00000000f3f00000,0x00000000f8195130,0x00000000f9900000)
  to   space 96768K, 0% used [0x00000000fa180000,0x00000000fa180000,0x0000000100000000)
 ParOldGen       total 325632K, used 207869K [0x00000000c0000000, 0x00000000d3e00000, 0x00000000eab00000)
  object space 325632K, 63% used [0x00000000c0000000,0x00000000ccaff6d8,0x00000000d3e00000)
 Metaspace       used 6713K, capacity 7320K, committed 7680K, reserved 1056768K
  class space    used 632K, capacity 656K, committed 768K, reserved 1048576K
Event: 12.455 GC heap after
Heap after GC invocations=15 (full 1):
 PSYoungGen      total 243200K, used 71016K [0x00000000eab00000, 0x0000000100000000, 0x0000000100000000)
  eden space 146432K, 0% used [0x00000000eab00000,0x00000000eab00000,0x00000000f3a00000)
  from space 96768K, 73% used [0x00000000fa180000,0x00000000fe6da230,0x0000000100000000)
  to   space 101376K, 0% used [0x00000000f3a00000,0x00000000f3a00000,0x00000000f9d00000)
 ParOldGen       total 325632K, used 227754K [0x00000000c0000000, 0x00000000d3e00000, 0x00000000eab00000)
  object space 325632K, 69% used [0x00000000c0000000,0x00000000cde6aaf0,0x00000000d3e00000)
 Metaspace       used 6713K, capacity 7320K, committed 7680K, reserved 1056768K
  class space    used 632K, capacity 656K, committed 768K, reserved 1048576K
}
Event: 12.997 GC heap before
{Heap before GC invocations=16 (full 1):
 PSYoungGen      total 243200K, used 217448K [0x00000000eab00000, 0x0000000100000000, 0x0000000100000000)
  eden space 146432K, 100% used [0x00000000eab00000,0x00000000f3a00000,0x00000000f3a00000)
  from space 96768K, 73% used [0x00000000fa180000,0x00000000fe6da230,0x0000000100000000)
  to   space 101376K, 0% used [0x00000000f3a00000,0x00000000f3a00000,0x00000000f9d00000)
 ParOldGen       total 325632K, used 227754K [0x00000000c0000000, 0x00000000d3e00000, 0x00000000eab00000)
  object space 325632K, 69% used [0x00000000c0000000,0x00000000cde6aaf0,0x00000000d3e00000)
 Metaspace       used 6715K, capacity 7320K, committed 7680K, reserved 1056768K
  class space    used 632K, capacity 656K, committed 768K, reserved 1048576K
Event: 13.155 GC heap after
Heap after GC invocations=16 (full 1):
 PSYoungGen      total 216576K, used 69957K [0x00000000eab00000, 0x0000000100000000, 0x0000000100000000)
  eden space 146432K, 0% used [0x00000000eab00000,0x00000000eab00000,0x00000000f3a00000)
  from space 70144K, 99% used [0x00000000f3a00000,0x00000000f7e51508,0x00000000f7e80000)
  to   space 104448K, 0% used [0x00000000f9a00000,0x00000000f9a00000,0x0000000100000000)
 ParOldGen       total 325632K, used 250588K [0x00000000c0000000, 0x00000000d3e00000, 0x00000000eab00000)
  object space 325632K, 76% used [0x00000000c0000000,0x00000000cf4b7230,0x00000000d3e00000)
 Metaspace       used 6715K, capacity 7320K, committed 7680K, reserved 1056768K
  class space    used 632K, capacity 656K, committed 768K, reserved 1048576K
}
Event: 13.623 GC heap before
{Heap before GC invocations=17 (full 1):
 PSYoungGen      total 216576K, used 216389K [0x00000000eab00000, 0x0000000100000000, 0x0000000100000000)
  eden space 146432K, 100% used [0x00000000eab00000,0x00000000f3a00000,0x00000000f3a00000)
  from space 70144K, 99% used [0x00000000f3a00000,0x00000000f7e51508,0x00000000f7e80000)
  to   space 104448K, 0% used [0x00000000f9a00000,0x00000000f9a00000,0x0000000100000000)
 ParOldGen       total 325632K, used 250588K [0x00000000c0000000, 0x00000000d3e00000, 0x00000000eab00000)
  object space 325632K, 76% used [0x00000000c0000000,0x00000000cf4b7230,0x00000000d3e00000)
 Metaspace       used 6720K, capacity 7320K, committed 7680K, reserved 1056768K
  class space    used 633K, capacity 656K, committed 768K, reserved 1048576K
Event: 13.764 GC heap after
Heap after GC invocations=17 (full 1):
 PSYoungGen      total 249344K, used 46112K [0x00000000eab00000, 0x0000000100000000, 0x0000000100000000)
  eden space 144896K, 0% used [0x00000000eab00000,0x00000000eab00000,0x00000000f3880000)
  from space 104448K, 44% used [0x00000000f9a00000,0x00000000fc7080e0,0x0000000100000000)
  to   space 99840K, 0% used [0x00000000f3880000,0x00000000f3880000,0x00000000f9a00000)
 ParOldGen       total 325632K, used 298344K [0x00000000c0000000, 0x00000000d3e00000, 0x00000000eab00000)
  object space 325632K, 91% used [0x00000000c0000000,0x00000000d235a230,0x00000000d3e00000)
 Metaspace       used 6720K, capacity 7320K, committed 7680K, reserved 1056768K
  class space    used 633K, capacity 656K, committed 768K, reserved 1048576K
}
Event: 13.764 GC heap before
{Heap before GC invocations=18 (full 2):
 PSYoungGen      total 249344K, used 46112K [0x00000000eab00000, 0x0000000100000000, 0x0000000100000000)
  eden space 144896K, 0% used [0x00000000eab00000,0x00000000eab00000,0x00000000f3880000)
  from space 104448K, 44% used [0x00000000f9a00000,0x00000000fc7080e0,0x0000000100000000)
  to   space 99840K, 0% used [0x00000000f3880000,0x00000000f3880000,0x00000000f9a00000)
 ParOldGen       total 325632K, used 298344K [0x00000000c0000000, 0x00000000d3e00000, 0x00000000eab00000)
  object space 325632K, 91% used [0x00000000c0000000,0x00000000d235a230,0x00000000d3e00000)
 Metaspace       used 6720K, capacity 7320K, committed 7680K, reserved 1056768K
  class space    used 633K, capacity 656K, committed 768K, reserved 1048576K
Event: 16.840 GC heap after
Heap after GC invocations=18 (full 2):
 PSYoungGen      total 249344K, used 15610K [0x00000000eab00000, 0x0000000100000000, 0x0000000100000000)
  eden space 144896K, 0% used [0x00000000eab00000,0x00000000eab00000,0x00000000f3880000)
  from space 104448K, 14% used [0x00000000f9a00000,0x00000000fa93e9d8,0x0000000100000000)
  to   space 99840K, 0% used [0x00000000f3880000,0x00000000f3880000,0x00000000f9a00000)
 ParOldGen       total 544256K, used 325544K [0x00000000c0000000, 0x00000000e1380000, 0x00000000eab00000)
  object space 544256K, 59% used [0x00000000c0000000,0x00000000d3dea258,0x00000000e1380000)
 Metaspace       used 6720K, capacity 7320K, committed 7680K, reserved 1056768K
  class space    used 633K, capacity 656K, committed 768K, reserved 1048576K
}

