# JRE version: Java(TM) SE Runtime Environment (8.0_101-b13) (build 1.8.0_101-b13)
# Java VM: Java HotSpot(TM) 64-Bit Server VM (25.101-b13 mixed mode windows-amd64 compressed oops)
Heap:
 PSYoungGen      total 248320K, used 176128K [0x00000000eab00000, 0x0000000100000000, 0x0000000100000000)
  eden space 176128K, 100% used [0x00000000eab00000,0x00000000f5700000,0x00000000f5700000)
  from space 72192K, 0% used [0x00000000fb980000,0x00000000fb980000,0x0000000100000000)
  to   space 86528K, 23% used [0x00000000f5700000,0x00000000f6ac0900,0x00000000fab80000)
 ParOldGen       total 322048K, used 184085K [0x00000000c0000000, 0x00000000d3a80000, 0x00000000eab00000)
  object space 322048K, 57% used [0x00000000c0000000,0x00000000cb3c5560,0x00000000d3a80000)
 Metaspace       used 6713K, capacity 7320K, committed 7680K, reserved 1056768K
  class space    used 635K, capacity 656K, committed 768K, reserved 1048576K
GC Heap History (10 events):
Event: 5.398 GC heap after
Heap after GC invocations=8 (full 0):
 PSYoungGen      total 262656K, used 55807K [0x00000000eab00000, 0x0000000100000000, 0x0000000100000000)
  eden space 206848K, 0% used [0x00000000eab00000,0x00000000eab00000,0x00000000f7500000)
  from space 55808K, 99% used [0x00000000fc980000,0x00000000fffffe60,0x0000000100000000)
  to   space 71168K, 0% used [0x00000000f7500000,0x00000000f7500000,0x00000000fba80000)
 ParOldGen       total 175104K, used 73528K [0x00000000c0000000, 0x00000000cab00000, 0x00000000eab00000)
  object space 175104K, 41% used [0x00000000c0000000,0x00000000c47ce300,0x00000000cab00000)
 Metaspace       used 6691K, capacity 7320K, committed 7680K, reserved 1056768K
  class space    used 633K, capacity 656K, committed 768K, reserved 1048576K
}
Event: 6.229 GC heap before
{Heap before GC invocations=9 (full 0):
 PSYoungGen      total 262656K, used 262655K [0x00000000eab00000, 0x0000000100000000, 0x0000000100000000)
  eden space 206848K, 100% used [0x00000000eab00000,0x00000000f7500000,0x00000000f7500000)
  from space 55808K, 99% used [0x00000000fc980000,0x00000000fffffe60,0x0000000100000000)
  to   space 71168K, 0% used [0x00000000f7500000,0x00000000f7500000,0x00000000fba80000)
 ParOldGen       total 175104K, used 73528K [0x00000000c0000000, 0x00000000cab00000, 0x00000000eab00000)
  object space 175104K, 41% used [0x00000000c0000000,0x00000000c47ce300,0x00000000cab00000)
 Metaspace       used 6695K, capacity 7320K, committed 7680K, reserved 1056768K
  class space    used 634K, capacity 656K, committed 768K, reserved 1048576K
Event: 6.372 GC heap after
Heap after GC invocations=9 (full 0):
 PSYoungGen      total 276992K, used 69887K [0x00000000eab00000, 0x0000000100000000, 0x0000000100000000)
  eden space 206848K, 0% used [0x00000000eab00000,0x00000000eab00000,0x00000000f7500000)
  from space 70144K, 99% used [0x00000000f7500000,0x00000000fb93ffe8,0x00000000fb980000)
  to   space 72192K, 0% used [0x00000000fb980000,0x00000000fb980000,0x0000000100000000)
 ParOldGen       total 175104K, used 90375K [0x00000000c0000000, 0x00000000cab00000, 0x00000000eab00000)
  object space 175104K, 51% used [0x00000000c0000000,0x00000000c5841f50,0x00000000cab00000)
 Metaspace       used 6695K, capacity 7320K, committed 7680K, reserved 1056768K
  class space    used 634K, capacity 656K, committed 768K, reserved 1048576K
}
Event: 7.115 GC heap before
{Heap before GC invocations=10 (full 0):
 PSYoungGen      total 276992K, used 276735K [0x00000000eab00000, 0x0000000100000000, 0x0000000100000000)
  eden space 206848K, 100% used [0x00000000eab00000,0x00000000f7500000,0x00000000f7500000)
  from space 70144K, 99% used [0x00000000f7500000,0x00000000fb93ffe8,0x00000000fb980000)
  to   space 72192K, 0% used [0x00000000fb980000,0x00000000fb980000,0x0000000100000000)
 ParOldGen       total 175104K, used 90375K [0x00000000c0000000, 0x00000000cab00000, 0x00000000eab00000)
  object space 175104K, 51% used [0x00000000c0000000,0x00000000c5841f50,0x00000000cab00000)
 Metaspace       used 6696K, capacity 7320K, committed 7680K, reserved 1056768K
  class space    used 634K, capacity 656K, committed 768K, reserved 1048576K
Event: 7.267 GC heap after
Heap after GC invocations=10 (full 0):
 PSYoungGen      total 248320K, used 56869K [0x00000000eab00000, 0x0000000100000000, 0x0000000100000000)
  eden space 176128K, 0% used [0x00000000eab00000,0x00000000eab00000,0x00000000f5700000)
  from space 72192K, 78% used [0x00000000fb980000,0x00000000ff109490,0x0000000100000000)
  to   space 86528K, 0% used [0x00000000f5700000,0x00000000f5700000,0x00000000fab80000)
 ParOldGen       total 175104K, used 128863K [0x00000000c0000000, 0x00000000cab00000, 0x00000000eab00000)
  object space 175104K, 73% used [0x00000000c0000000,0x00000000c7dd7ef0,0x00000000cab00000)
 Metaspace       used 6696K, capacity 7320K, committed 7680K, reserved 1056768K
  class space    used 634K, capacity 656K, committed 768K, reserved 1048576K
}
Event: 7.802 GC heap before
{Heap before GC invocations=11 (full 0):
 PSYoungGen      total 248320K, used 232997K [0x00000000eab00000, 0x0000000100000000, 0x0000000100000000)
  eden space 176128K, 100% used [0x00000000eab00000,0x00000000f5700000,0x00000000f5700000)
  from space 72192K, 78% used [0x00000000fb980000,0x00000000ff109490,0x0000000100000000)
  to   space 86528K, 0% used [0x00000000f5700000,0x00000000f5700000,0x00000000fab80000)
 ParOldGen       total 175104K, used 129495K [0x00000000c0000000, 0x00000000cab00000, 0x00000000eab00000)
  object space 175104K, 73% used [0x00000000c0000000,0x00000000c7e75d50,0x00000000cab00000)
 Metaspace       used 6708K, capacity 7320K, committed 7680K, reserved 1056768K
  class space    used 635K, capacity 656K, committed 768K, reserved 1048576K
Event: 8.037 GC heap after
Heap after GC invocations=11 (full 0):
 PSYoungGen      total 248320K, used 232997K [0x00000000eab00000, 0x0000000100000000, 0x0000000100000000)
  eden space 176128K, 100% used [0x00000000eab00000,0x00000000f5700000,0x00000000f5700000)
  from space 72192K, 78% used [0x00000000fb980000,0x00000000ff109490,0x0000000100000000)
  to   space 86528K, 31% used [0x00000000f5700000,0x00000000f71f0000,0x00000000fab80000)
 ParOldGen       total 184320K, used 183836K [0x00000000c0000000, 0x00000000cb400000, 0x00000000eab00000)
  object space 184320K, 99% used [0x00000000c0000000,0x00000000cb387140,0x00000000cb400000)
 Metaspace       used 6708K, capacity 7320K, committed 7680K, reserved 1056768K
  class space    used 635K, capacity 656K, committed 768K, reserved 1048576K
}
Event: 8.037 GC heap before
{Heap before GC invocations=12 (full 1):
 PSYoungGen      total 248320K, used 232997K [0x00000000eab00000, 0x0000000100000000, 0x0000000100000000)
  eden space 176128K, 100% used [0x00000000eab00000,0x00000000f5700000,0x00000000f5700000)
  from space 72192K, 78% used [0x00000000fb980000,0x00000000ff109490,0x0000000100000000)
  to   space 86528K, 31% used [0x00000000f5700000,0x00000000f71f0000,0x00000000fab80000)
 ParOldGen       total 184320K, used 183836K [0x00000000c0000000, 0x00000000cb400000, 0x00000000eab00000)
  object space 184320K, 99% used [0x00000000c0000000,0x00000000cb387140,0x00000000cb400000)
 Metaspace       used 6708K, capacity 7320K, committed 7680K, reserved 1056768K
  class space    used 635K, capacity 656K, committed 768K, reserved 1048576K
Event: 10.033 GC heap after
Heap after GC invocations=12 (full 1):
 PSYoungGen      total 248320K, used 0K [0x00000000eab00000, 0x0000000100000000, 0x0000000100000000)
  eden space 176128K, 0% used [0x00000000eab00000,0x00000000eab00000,0x00000000f5700000)
  from space 72192K, 0% used [0x00000000fb980000,0x00000000fb980000,0x0000000100000000)
  to   space 86528K, 23% used [0x00000000f5700000,0x00000000f6ac0900,0x00000000fab80000)
 ParOldGen       total 322048K, used 184083K [0x00000000c0000000, 0x00000000d3a80000, 0x00000000eab00000)
  object space 322048K, 57% used [0x00000000c0000000,0x00000000cb3c4eb0,0x00000000d3a80000)
 Metaspace       used 6708K, capacity 7320K, committed 7680K, reserved 1056768K
  class space    used 635K, capacity 656K, committed 768K, reserved 1048576K
}
Event: 10.670 GC heap before
{Heap before GC invocations=13 (full 2):
 PSYoungGen      total 248320K, used 176128K [0x00000000eab00000, 0x0000000100000000, 0x0000000100000000)
  eden space 176128K, 100% used [0x00000000eab00000,0x00000000f5700000,0x00000000f5700000)
  from space 72192K, 0% used [0x00000000fb980000,0x00000000fb980000,0x0000000100000000)
  to   space 86528K, 23% used [0x00000000f5700000,0x00000000f6ac0900,0x00000000fab80000)
 ParOldGen       total 322048K, used 184085K [0x00000000c0000000, 0x00000000d3a80000, 0x00000000eab00000)
  object space 322048K, 57% used [0x00000000c0000000,0x00000000cb3c5560,0x00000000d3a80000)
 Metaspace       used 6713K, capacity 7320K, committed 7680K, reserved 1056768K
  class space    used 635K, capacity 656K, committed 768K, reserved 1048576K

